<?xml version="1.0" encoding="UTF-8"?>
<testsuite xmlns:xsi="http://www.w3.org/2001/XMLSchema-instance" xsi:noNamespaceSchemaLocation="https://maven.apache.org/surefire/maven-surefire-plugin/xsd/surefire-test-report.xsd" name="com.example.secondapi.SecondApiApplicationTests" time="3.899" tests="1" errors="0" skipped="0" failures="0">
  <properties>
    <property name="java.specification.version" value="15"/>
    <property name="sun.cpu.isalist" value="amd64"/>
    <property name="sun.jnu.encoding" value="Cp1252"/>
    <property name="java.class.path" value="D:\IACD\IACD - UVT\AN 2\XML\FINAL-PROJECT\SecondAPI\target\test-classes;D:\IACD\IACD - UVT\AN 2\XML\FINAL-PROJECT\SecondAPI\target\classes;C:\Users\Emil\.m2\repository\org\springframework\boot\spring-boot-starter-web-services\2.7.8\spring-boot-starter-web-services-2.7.8.jar;C:\Users\Emil\.m2\repository\com\sun\xml\messaging\saaj\saaj-impl\1.5.3\saaj-impl-1.5.3.jar;C:\Users\Emil\.m2\repository\jakarta\xml\soap\jakarta.xml.soap-api\1.4.2\jakarta.xml.soap-api-1.4.2.jar;C:\Users\Emil\.m2\repository\org\jvnet\staxex\stax-ex\1.8.3\stax-ex-1.8.3.jar;C:\Users\Emil\.m2\repository\com\sun\activation\jakarta.activation\1.2.2\jakarta.activation-1.2.2.jar;C:\Users\Emil\.m2\repository\jakarta\xml\ws\jakarta.xml.ws-api\2.3.3\jakarta.xml.ws-api-2.3.3.jar;C:\Users\Emil\.m2\repository\jakarta\jws\jakarta.jws-api\2.1.0\jakarta.jws-api-2.1.0.jar;C:\Users\Emil\.m2\repository\org\springframework\boot\spring-boot-devtools\2.7.8\spring-boot-devtools-2.7.8.jar;C:\Users\Emil\.m2\repository\org\springframework\boot\spring-boot\2.7.8\spring-boot-2.7.8.jar;C:\Users\Emil\.m2\repository\org\springframework\spring-context\5.3.25\spring-context-5.3.25.jar;C:\Users\Emil\.m2\repository\org\springframework\boot\spring-boot-autoconfigure\2.7.8\spring-boot-autoconfigure-2.7.8.jar;C:\Users\Emil\.m2\repository\org\springframework\boot\spring-boot-starter-test\2.7.8\spring-boot-starter-test-2.7.8.jar;C:\Users\Emil\.m2\repository\org\springframework\boot\spring-boot-test\2.7.8\spring-boot-test-2.7.8.jar;C:\Users\Emil\.m2\repository\org\springframework\boot\spring-boot-test-autoconfigure\2.7.8\spring-boot-test-autoconfigure-2.7.8.jar;C:\Users\Emil\.m2\repository\com\jayway\jsonpath\json-path\2.7.0\json-path-2.7.0.jar;C:\Users\Emil\.m2\repository\net\minidev\json-smart\2.4.8\json-smart-2.4.8.jar;C:\Users\Emil\.m2\repository\net\minidev\accessors-smart\2.4.8\accessors-smart-2.4.8.jar;C:\Users\Emil\.m2\repository\org\slf4j\slf4j-api\1.7.36\slf4j-api-1.7.36.jar;C:\Users\Emil\.m2\repository\org\assertj\assertj-core\3.22.0\assertj-core-3.22.0.jar;C:\Users\Emil\.m2\repository\org\hamcrest\hamcrest\2.2\hamcrest-2.2.jar;C:\Users\Emil\.m2\repository\org\junit\jupiter\junit-jupiter\5.8.2\junit-jupiter-5.8.2.jar;C:\Users\Emil\.m2\repository\org\junit\jupiter\junit-jupiter-api\5.8.2\junit-jupiter-api-5.8.2.jar;C:\Users\Emil\.m2\repository\org\opentest4j\opentest4j\1.2.0\opentest4j-1.2.0.jar;C:\Users\Emil\.m2\repository\org\junit\platform\junit-platform-commons\1.8.2\junit-platform-commons-1.8.2.jar;C:\Users\Emil\.m2\repository\org\apiguardian\apiguardian-api\1.1.2\apiguardian-api-1.1.2.jar;C:\Users\Emil\.m2\repository\org\junit\jupiter\junit-jupiter-params\5.8.2\junit-jupiter-params-5.8.2.jar;C:\Users\Emil\.m2\repository\org\junit\jupiter\junit-jupiter-engine\5.8.2\junit-jupiter-engine-5.8.2.jar;C:\Users\Emil\.m2\repository\org\junit\platform\junit-platform-engine\1.8.2\junit-platform-engine-1.8.2.jar;C:\Users\Emil\.m2\repository\org\mockito\mockito-core\4.5.1\mockito-core-4.5.1.jar;C:\Users\Emil\.m2\repository\net\bytebuddy\byte-buddy\1.12.22\byte-buddy-1.12.22.jar;C:\Users\Emil\.m2\repository\net\bytebuddy\byte-buddy-agent\1.12.22\byte-buddy-agent-1.12.22.jar;C:\Users\Emil\.m2\repository\org\objenesis\objenesis\3.2\objenesis-3.2.jar;C:\Users\Emil\.m2\repository\org\mockito\mockito-junit-jupiter\4.5.1\mockito-junit-jupiter-4.5.1.jar;C:\Users\Emil\.m2\repository\org\skyscreamer\jsonassert\1.5.1\jsonassert-1.5.1.jar;C:\Users\Emil\.m2\repository\com\vaadin\external\google\android-json\0.0.20131108.vaadin1\android-json-0.0.20131108.vaadin1.jar;C:\Users\Emil\.m2\repository\org\springframework\spring-core\5.3.25\spring-core-5.3.25.jar;C:\Users\Emil\.m2\repository\org\springframework\spring-jcl\5.3.25\spring-jcl-5.3.25.jar;C:\Users\Emil\.m2\repository\org\springframework\spring-test\5.3.25\spring-test-5.3.25.jar;C:\Users\Emil\.m2\repository\org\xmlunit\xmlunit-core\2.9.1\xmlunit-core-2.9.1.jar;C:\Users\Emil\.m2\repository\org\springframework\spring-tx\5.3.25\spring-tx-5.3.25.jar;C:\Users\Emil\.m2\repository\org\springframework\spring-beans\5.3.25\spring-beans-5.3.25.jar;C:\Users\Emil\.m2\repository\org\springframework\ws\spring-ws-core\3.1.5\spring-ws-core-3.1.5.jar;C:\Users\Emil\.m2\repository\org\springframework\ws\spring-xml\3.1.5\spring-xml-3.1.5.jar;C:\Users\Emil\.m2\repository\org\springframework\spring-aop\5.3.25\spring-aop-5.3.25.jar;C:\Users\Emil\.m2\repository\org\springframework\spring-web\5.3.25\spring-web-5.3.25.jar;C:\Users\Emil\.m2\repository\org\springframework\spring-webmvc\5.3.25\spring-webmvc-5.3.25.jar;C:\Users\Emil\.m2\repository\org\springframework\spring-expression\5.3.25\spring-expression-5.3.25.jar;C:\Users\Emil\.m2\repository\com\sun\xml\bind\jaxb-core\2.2.7\jaxb-core-2.2.7.jar;C:\Users\Emil\.m2\repository\com\sun\istack\istack-commons-runtime\2.16\istack-commons-runtime-2.16.jar;C:\Users\Emil\.m2\repository\com\sun\xml\bind\jaxb-impl\2.2.7\jaxb-impl-2.2.7.jar;C:\Users\Emil\.m2\repository\com\sun\xml\fastinfoset\FastInfoset\1.2.12\FastInfoset-1.2.12.jar;C:\Users\Emil\.m2\repository\javax\xml\bind\jsr173_api\1.0\jsr173_api-1.0.jar;C:\Users\Emil\.m2\repository\org\javassist\javassist\3.25.0-GA\javassist-3.25.0-GA.jar;C:\Users\Emil\.m2\repository\javax\xml\bind\jaxb-api\2.2.7\jaxb-api-2.2.7.jar;C:\Users\Emil\.m2\repository\org\springframework\boot\spring-boot-starter-web\2.7.8\spring-boot-starter-web-2.7.8.jar;C:\Users\Emil\.m2\repository\org\springframework\boot\spring-boot-starter-json\2.7.8\spring-boot-starter-json-2.7.8.jar;C:\Users\Emil\.m2\repository\com\fasterxml\jackson\datatype\jackson-datatype-jdk8\2.13.4\jackson-datatype-jdk8-2.13.4.jar;C:\Users\Emil\.m2\repository\com\fasterxml\jackson\datatype\jackson-datatype-jsr310\2.13.4\jackson-datatype-jsr310-2.13.4.jar;C:\Users\Emil\.m2\repository\com\fasterxml\jackson\module\jackson-module-parameter-names\2.13.4\jackson-module-parameter-names-2.13.4.jar;C:\Users\Emil\.m2\repository\org\springframework\boot\spring-boot-starter-tomcat\2.7.8\spring-boot-starter-tomcat-2.7.8.jar;C:\Users\Emil\.m2\repository\org\apache\tomcat\embed\tomcat-embed-core\9.0.71\tomcat-embed-core-9.0.71.jar;C:\Users\Emil\.m2\repository\org\apache\tomcat\embed\tomcat-embed-el\9.0.71\tomcat-embed-el-9.0.71.jar;C:\Users\Emil\.m2\repository\org\apache\tomcat\embed\tomcat-embed-websocket\9.0.71\tomcat-embed-websocket-9.0.71.jar;C:\Users\Emil\.m2\repository\wsdl4j\wsdl4j\1.6.3\wsdl4j-1.6.3.jar;C:\Users\Emil\.m2\repository\org\springframework\boot\spring-boot-starter\2.7.8\spring-boot-starter-2.7.8.jar;C:\Users\Emil\.m2\repository\org\springframework\boot\spring-boot-starter-logging\2.7.8\spring-boot-starter-logging-2.7.8.jar;C:\Users\Emil\.m2\repository\ch\qos\logback\logback-classic\1.2.11\logback-classic-1.2.11.jar;C:\Users\Emil\.m2\repository\ch\qos\logback\logback-core\1.2.11\logback-core-1.2.11.jar;C:\Users\Emil\.m2\repository\org\apache\logging\log4j\log4j-to-slf4j\2.17.2\log4j-to-slf4j-2.17.2.jar;C:\Users\Emil\.m2\repository\org\slf4j\jul-to-slf4j\1.7.36\jul-to-slf4j-1.7.36.jar;C:\Users\Emil\.m2\repository\jakarta\annotation\jakarta.annotation-api\1.3.5\jakarta.annotation-api-1.3.5.jar;C:\Users\Emil\.m2\repository\org\yaml\snakeyaml\1.30\snakeyaml-1.30.jar;C:\Users\Emil\.m2\repository\jakarta\xml\bind\jakarta.xml.bind-api\4.0.0\jakarta.xml.bind-api-4.0.0.jar;C:\Users\Emil\.m2\repository\jakarta\activation\jakarta.activation-api\1.2.2\jakarta.activation-api-1.2.2.jar;C:\Users\Emil\.m2\repository\jakarta\validation\jakarta.validation-api\2.0.2\jakarta.validation-api-2.0.2.jar;C:\Users\Emil\.m2\repository\org\apache\xmlrpc\xmlrpc-client\3.1.3\xmlrpc-client-3.1.3.jar;C:\Users\Emil\.m2\repository\org\apache\xmlrpc\xmlrpc-common\3.1.3\xmlrpc-common-3.1.3.jar;C:\Users\Emil\.m2\repository\commons-io\commons-io\2.8.0\commons-io-2.8.0.jar;C:\Users\Emil\.m2\repository\com\evolvedbinary\j8fu\j8fu\1.23.0\j8fu-1.23.0.jar;C:\Users\Emil\.m2\repository\net\jcip\jcip-annotations\1.0\jcip-annotations-1.0.jar;C:\Users\Emil\.m2\repository\com\fasterxml\jackson\dataformat\jackson-dataformat-xml\2.13.4\jackson-dataformat-xml-2.13.4.jar;C:\Users\Emil\.m2\repository\com\fasterxml\jackson\core\jackson-core\2.13.4\jackson-core-2.13.4.jar;C:\Users\Emil\.m2\repository\com\fasterxml\jackson\core\jackson-annotations\2.13.4\jackson-annotations-2.13.4.jar;C:\Users\Emil\.m2\repository\com\fasterxml\jackson\core\jackson-databind\2.13.4.2\jackson-databind-2.13.4.2.jar;C:\Users\Emil\.m2\repository\org\codehaus\woodstox\stax2-api\4.2.1\stax2-api-4.2.1.jar;C:\Users\Emil\.m2\repository\com\fasterxml\woodstox\woodstox-core\6.3.1\woodstox-core-6.3.1.jar;C:\Users\Emil\.m2\repository\org\springframework\spring-oxm\5.3.20\spring-oxm-5.3.20.jar;C:\Users\Emil\.m2\repository\net\sf\xmldb-org\xmldb-api\1.6.0\xmldb-api-1.6.0.jar;C:\Users\Emil\.m2\repository\org\exist-db\exist-core\6.2.0\exist-core-6.2.0.jar;C:\Users\Emil\.m2\repository\antlr\antlr\2.7.7\antlr-2.7.7.jar;C:\Users\Emil\.m2\repository\com\evolvedbinary\multilock\multilock\1.0.1\multilock-1.0.1.jar;C:\Users\Emil\.m2\repository\com\github\ben-manes\caffeine\caffeine\2.9.3\caffeine-2.9.3.jar;C:\Users\Emil\.m2\repository\org\checkerframework\checker-qual\3.19.0\checker-qual-3.19.0.jar;C:\Users\Emil\.m2\repository\com\google\errorprone\error_prone_annotations\2.10.0\error_prone_annotations-2.10.0.jar;C:\Users\Emil\.m2\repository\com\github\krukow\clj-ds\0.0.4\clj-ds-0.0.4.jar;C:\Users\Emil\.m2\repository\com\siemens\ct\exi\exificient\0.9.3\exificient-0.9.3.jar;C:\Users\Emil\.m2\repository\com\ibm\icu\icu4j\59.1\icu4j-59.1.jar;C:\Users\Emil\.m2\repository\com\google\code\findbugs\jsr305\3.0.2\jsr305-3.0.2.jar;C:\Users\Emil\.m2\repository\org\relaxng\jing\20220510\jing-20220510.jar;C:\Users\Emil\.m2\repository\isorelax\isorelax\20030108\isorelax-20030108.jar;C:\Users\Emil\.m2\repository\org\exist-db\exist-start\6.2.0\exist-start-6.2.0.jar;C:\Users\Emil\.m2\repository\org\exquery\exquery-common\0.2.1\exquery-common-0.2.1.jar;C:\Users\Emil\.m2\repository\org\bouncycastle\bcprov-jdk15on\1.70\bcprov-jdk15on-1.70.jar;C:\Users\Emil\.m2\repository\org\lz4\lz4-java\1.8.0\lz4-java-1.8.0.jar;C:\Users\Emil\.m2\repository\com\fasterxml\uuid\java-uuid-generator\4.1.0\java-uuid-generator-4.1.0.jar;C:\Users\Emil\.m2\repository\javax\servlet\javax.servlet-api\4.0.1\javax.servlet-api-4.0.1.jar;C:\Users\Emil\.m2\repository\org\glassfish\jaxb\jaxb-runtime\2.3.7\jaxb-runtime-2.3.7.jar;C:\Users\Emil\.m2\repository\org\glassfish\jaxb\txw2\2.3.7\txw2-2.3.7.jar;C:\Users\Emil\.m2\repository\org\exist-db\thirdparty\javax\xml\xquery\xqjri\20080114-133351\xqjri-20080114-133351.jar;C:\Users\Emil\.m2\repository\org\jline\jline\3.22.0\jline-3.22.0.jar;C:\Users\Emil\.m2\repository\org\fusesource\jansi\jansi\2.4.0\jansi-2.4.0.jar;C:\Users\Emil\.m2\repository\cglib\cglib\3.3.0\cglib-3.3.0.jar;C:\Users\Emil\.m2\repository\org\ow2\asm\asm\7.1\asm-7.1.jar;C:\Users\Emil\.m2\repository\se\softhouse\jargo\0.4.14\jargo-0.4.14.jar;C:\Users\Emil\.m2\repository\commons-codec\commons-codec\1.15\commons-codec-1.15.jar;C:\Users\Emil\.m2\repository\org\apache\commons\commons-lang3\3.12.0\commons-lang3-3.12.0.jar;C:\Users\Emil\.m2\repository\commons-logging\commons-logging\1.2\commons-logging-1.2.jar;C:\Users\Emil\.m2\repository\org\apache\commons\commons-pool2\2.11.1\commons-pool2-2.11.1.jar;C:\Users\Emil\.m2\repository\org\apache\logging\log4j\log4j-api\2.17.2\log4j-api-2.17.2.jar;C:\Users\Emil\.m2\repository\org\apache\logging\log4j\log4j-core\2.17.2\log4j-core-2.17.2.jar;C:\Users\Emil\.m2\repository\org\apache\logging\log4j\log4j-jcl\2.17.2\log4j-jcl-2.17.2.jar;C:\Users\Emil\.m2\repository\org\apache\logging\log4j\log4j-jul\2.17.2\log4j-jul-2.17.2.jar;C:\Users\Emil\.m2\repository\org\apache\logging\log4j\log4j-slf4j2-impl\2.19.0\log4j-slf4j2-impl-2.19.0.jar;C:\Users\Emil\.m2\repository\org\exist-db\thirdparty\xerces\xercesImpl\2.12.2\xercesImpl-2.12.2-xml-schema-1.1.jar;C:\Users\Emil\.m2\repository\net\sourceforge\nekohtml\nekohtml\1.9.22\nekohtml-1.9.22.jar;C:\Users\Emil\.m2\repository\xml-apis\xml-apis\1.4.01\xml-apis-1.4.01.jar;C:\Users\Emil\.m2\repository\org\apache\ws\commons\util\ws-commons-util\1.0.2\ws-commons-util-1.0.2.jar;C:\Users\Emil\.m2\repository\xml-resolver\xml-resolver\1.2\xml-resolver-1.2.jar;C:\Users\Emil\.m2\repository\org\xmlresolver\xmlresolver\4.6.4\xmlresolver-4.6.4.jar;C:\Users\Emil\.m2\repository\org\apache\httpcomponents\client5\httpclient5\5.1.4\httpclient5-5.1.4.jar;C:\Users\Emil\.m2\repository\org\apache\httpcomponents\core5\httpcore5-h2\5.1.5\httpcore5-h2-5.1.5.jar;C:\Users\Emil\.m2\repository\org\apache\httpcomponents\core5\httpcore5\5.1.5\httpcore5-5.1.5.jar;C:\Users\Emil\.m2\repository\org\xmlresolver\xmlresolver\4.6.4\xmlresolver-4.6.4-data.jar;C:\Users\Emil\.m2\repository\org\exist-db\thirdparty\org\eclipse\wst\xml\xpath2\1.2.0\xpath2-1.2.0.jar;C:\Users\Emil\.m2\repository\edu\princeton\cup\java-cup\10k\java-cup-10k.jar;C:\Users\Emil\.m2\repository\xalan\xalan\2.7.2\xalan-2.7.2.jar;C:\Users\Emil\.m2\repository\xalan\serializer\2.7.2\serializer-2.7.2.jar;C:\Users\Emil\.m2\repository\net\sf\saxon\Saxon-HE\9.9.1-8\Saxon-HE-9.9.1-8.jar;C:\Users\Emil\.m2\repository\org\exist-db\exist-saxon-regex\9.4.0-9.e1\exist-saxon-regex-9.4.0-9.e1.jar;C:\Users\Emil\.m2\repository\com\evolvedbinary\thirdparty\org\apache\xmlrpc\xmlrpc-common\4.0.0\xmlrpc-common-4.0.0.jar;C:\Users\Emil\.m2\repository\com\evolvedbinary\thirdparty\org\apache\xmlrpc\xmlrpc-client\4.0.0\xmlrpc-client-4.0.0.jar;C:\Users\Emil\.m2\repository\com\evolvedbinary\thirdparty\org\apache\xmlrpc\xmlrpc-server\4.0.0\xmlrpc-server-4.0.0.jar;C:\Users\Emil\.m2\repository\org\aspectj\aspectjrt\1.9.7\aspectjrt-1.9.7.jar;C:\Users\Emil\.m2\repository\org\eclipse\jetty\jetty-jaas\9.4.50.v20221201\jetty-jaas-9.4.50.v20221201.jar;C:\Users\Emil\.m2\repository\org\apache\directory\api\api-ldap-model\2.1.2\api-ldap-model-2.1.2.jar;C:\Users\Emil\.m2\repository\org\apache\directory\api\api-asn1-ber\2.1.2\api-asn1-ber-2.1.2.jar;C:\Users\Emil\.m2\repository\org\apache\directory\api\api-i18n\2.1.2\api-i18n-2.1.2.jar;C:\Users\Emil\.m2\repository\org\apache\mina\mina-core\2.2.1\mina-core-2.2.1.jar;C:\Users\Emil\.m2\repository\org\apache\commons\commons-collections4\4.4\commons-collections4-4.4.jar;C:\Users\Emil\.m2\repository\org\apache\directory\api\api-util\2.1.2\api-util-2.1.2.jar;C:\Users\Emil\.m2\repository\org\apache\directory\api\api-asn1-api\2.1.2\api-asn1-api-2.1.2.jar;C:\Users\Emil\.m2\repository\org\eclipse\jetty\jetty-http\9.4.50.v20221201\jetty-http-9.4.50.v20221201.jar;C:\Users\Emil\.m2\repository\org\eclipse\jetty\jetty-io\9.4.50.v20221201\jetty-io-9.4.50.v20221201.jar;C:\Users\Emil\.m2\repository\org\eclipse\jetty\jetty-security\9.4.50.v20221201\jetty-security-9.4.50.v20221201.jar;C:\Users\Emil\.m2\repository\org\eclipse\jetty\jetty-server\9.4.50.v20221201\jetty-server-9.4.50.v20221201.jar;C:\Users\Emil\.m2\repository\org\eclipse\jetty\jetty-util\9.4.50.v20221201\jetty-util-9.4.50.v20221201.jar;C:\Users\Emil\.m2\repository\org\expath\packaging\pkg-java\2.0.0\pkg-java-2.0.0.jar;C:\Users\Emil\.m2\repository\com\fifesoft\rsyntaxtextarea\3.3.2\rsyntaxtextarea-3.3.2.jar;C:\Users\Emil\.m2\repository\org\quartz-scheduler\quartz\2.3.2\quartz-2.3.2.jar;C:\Users\Emil\.m2\repository\it\unimi\dsi\fastutil\8.5.11\fastutil-8.5.11.jar;C:\Users\Emil\.m2\repository\io\lacuna\bifurcan\0.2.0-alpha6\bifurcan-0.2.0-alpha6.jar;C:\Users\Emil\.m2\repository\org\apache\ant\ant\1.10.13\ant-1.10.13.jar;C:\Users\Emil\.m2\repository\org\apache\ant\ant-launcher\1.10.13\ant-launcher-1.10.13.jar;C:\Users\Emil\.m2\repository\junit\junit\4.13.2\junit-4.13.2.jar;C:\Users\Emil\.m2\repository\org\xmlunit\xmlunit-matchers\2.9.1\xmlunit-matchers-2.9.1.jar;C:\Users\Emil\.m2\repository\commons-fileupload\commons-fileupload\1.4\commons-fileupload-1.4.jar;C:\Users\Emil\.m2\repository\org\eclipse\jetty\jetty-annotations\9.4.50.v20221201\jetty-annotations-9.4.50.v20221201.jar;C:\Users\Emil\.m2\repository\org\eclipse\jetty\jetty-plus\9.4.50.v20221201\jetty-plus-9.4.50.v20221201.jar;C:\Users\Emil\.m2\repository\org\eclipse\jetty\jetty-jndi\9.4.50.v20221201\jetty-jndi-9.4.50.v20221201.jar;C:\Users\Emil\.m2\repository\javax\annotation\javax.annotation-api\1.3.2\javax.annotation-api-1.3.2.jar;C:\Users\Emil\.m2\repository\org\ow2\asm\asm-commons\9.4\asm-commons-9.4.jar;C:\Users\Emil\.m2\repository\org\ow2\asm\asm-tree\9.4\asm-tree-9.4.jar;C:\Users\Emil\.m2\repository\org\eclipse\jetty\jetty-servlet\9.4.50.v20221201\jetty-servlet-9.4.50.v20221201.jar;C:\Users\Emil\.m2\repository\org\eclipse\jetty\jetty-util-ajax\9.4.50.v20221201\jetty-util-ajax-9.4.50.v20221201.jar;C:\Users\Emil\.m2\repository\org\eclipse\jetty\jetty-webapp\9.4.50.v20221201\jetty-webapp-9.4.50.v20221201.jar;C:\Users\Emil\.m2\repository\org\eclipse\jetty\jetty-xml\9.4.50.v20221201\jetty-xml-9.4.50.v20221201.jar;"/>
    <property name="java.vm.vendor" value="Oracle Corporation"/>
    <property name="sun.arch.data.model" value="64"/>
    <property name="user.variant" value=""/>
    <property name="java.vendor.url" value="https://java.oracle.com/"/>
    <property name="user.timezone" value="Europe/Bucharest"/>
    <property name="os.name" value="Windows 10"/>
    <property name="java.vm.specification.version" value="15"/>
    <property name="sun.java.launcher" value="SUN_STANDARD"/>
    <property name="user.country" value="US"/>
    <property name="sun.boot.library.path" value="C:\Program Files\Java\jdk-15\bin"/>
    <property name="sun.java.command" value="C:\Users\Emil\AppData\Local\Temp\surefire3402936337544492550\surefirebooter927212392040290745.jar C:\Users\Emil\AppData\Local\Temp\surefire3402936337544492550 2024-02-07T13-42-27_494-jvmRun1 surefire5281340923356627122tmp surefire_010229554209354994931tmp"/>
    <property name="jdk.debug" value="release"/>
    <property name="surefire.test.class.path" value="D:\IACD\IACD - UVT\AN 2\XML\FINAL-PROJECT\SecondAPI\target\test-classes;D:\IACD\IACD - UVT\AN 2\XML\FINAL-PROJECT\SecondAPI\target\classes;C:\Users\Emil\.m2\repository\org\springframework\boot\spring-boot-starter-web-services\2.7.8\spring-boot-starter-web-services-2.7.8.jar;C:\Users\Emil\.m2\repository\com\sun\xml\messaging\saaj\saaj-impl\1.5.3\saaj-impl-1.5.3.jar;C:\Users\Emil\.m2\repository\jakarta\xml\soap\jakarta.xml.soap-api\1.4.2\jakarta.xml.soap-api-1.4.2.jar;C:\Users\Emil\.m2\repository\org\jvnet\staxex\stax-ex\1.8.3\stax-ex-1.8.3.jar;C:\Users\Emil\.m2\repository\com\sun\activation\jakarta.activation\1.2.2\jakarta.activation-1.2.2.jar;C:\Users\Emil\.m2\repository\jakarta\xml\ws\jakarta.xml.ws-api\2.3.3\jakarta.xml.ws-api-2.3.3.jar;C:\Users\Emil\.m2\repository\jakarta\jws\jakarta.jws-api\2.1.0\jakarta.jws-api-2.1.0.jar;C:\Users\Emil\.m2\repository\org\springframework\boot\spring-boot-devtools\2.7.8\spring-boot-devtools-2.7.8.jar;C:\Users\Emil\.m2\repository\org\springframework\boot\spring-boot\2.7.8\spring-boot-2.7.8.jar;C:\Users\Emil\.m2\repository\org\springframework\spring-context\5.3.25\spring-context-5.3.25.jar;C:\Users\Emil\.m2\repository\org\springframework\boot\spring-boot-autoconfigure\2.7.8\spring-boot-autoconfigure-2.7.8.jar;C:\Users\Emil\.m2\repository\org\springframework\boot\spring-boot-starter-test\2.7.8\spring-boot-starter-test-2.7.8.jar;C:\Users\Emil\.m2\repository\org\springframework\boot\spring-boot-test\2.7.8\spring-boot-test-2.7.8.jar;C:\Users\Emil\.m2\repository\org\springframework\boot\spring-boot-test-autoconfigure\2.7.8\spring-boot-test-autoconfigure-2.7.8.jar;C:\Users\Emil\.m2\repository\com\jayway\jsonpath\json-path\2.7.0\json-path-2.7.0.jar;C:\Users\Emil\.m2\repository\net\minidev\json-smart\2.4.8\json-smart-2.4.8.jar;C:\Users\Emil\.m2\repository\net\minidev\accessors-smart\2.4.8\accessors-smart-2.4.8.jar;C:\Users\Emil\.m2\repository\org\slf4j\slf4j-api\1.7.36\slf4j-api-1.7.36.jar;C:\Users\Emil\.m2\repository\org\assertj\assertj-core\3.22.0\assertj-core-3.22.0.jar;C:\Users\Emil\.m2\repository\org\hamcrest\hamcrest\2.2\hamcrest-2.2.jar;C:\Users\Emil\.m2\repository\org\junit\jupiter\junit-jupiter\5.8.2\junit-jupiter-5.8.2.jar;C:\Users\Emil\.m2\repository\org\junit\jupiter\junit-jupiter-api\5.8.2\junit-jupiter-api-5.8.2.jar;C:\Users\Emil\.m2\repository\org\opentest4j\opentest4j\1.2.0\opentest4j-1.2.0.jar;C:\Users\Emil\.m2\repository\org\junit\platform\junit-platform-commons\1.8.2\junit-platform-commons-1.8.2.jar;C:\Users\Emil\.m2\repository\org\apiguardian\apiguardian-api\1.1.2\apiguardian-api-1.1.2.jar;C:\Users\Emil\.m2\repository\org\junit\jupiter\junit-jupiter-params\5.8.2\junit-jupiter-params-5.8.2.jar;C:\Users\Emil\.m2\repository\org\junit\jupiter\junit-jupiter-engine\5.8.2\junit-jupiter-engine-5.8.2.jar;C:\Users\Emil\.m2\repository\org\junit\platform\junit-platform-engine\1.8.2\junit-platform-engine-1.8.2.jar;C:\Users\Emil\.m2\repository\org\mockito\mockito-core\4.5.1\mockito-core-4.5.1.jar;C:\Users\Emil\.m2\repository\net\bytebuddy\byte-buddy\1.12.22\byte-buddy-1.12.22.jar;C:\Users\Emil\.m2\repository\net\bytebuddy\byte-buddy-agent\1.12.22\byte-buddy-agent-1.12.22.jar;C:\Users\Emil\.m2\repository\org\objenesis\objenesis\3.2\objenesis-3.2.jar;C:\Users\Emil\.m2\repository\org\mockito\mockito-junit-jupiter\4.5.1\mockito-junit-jupiter-4.5.1.jar;C:\Users\Emil\.m2\repository\org\skyscreamer\jsonassert\1.5.1\jsonassert-1.5.1.jar;C:\Users\Emil\.m2\repository\com\vaadin\external\google\android-json\0.0.20131108.vaadin1\android-json-0.0.20131108.vaadin1.jar;C:\Users\Emil\.m2\repository\org\springframework\spring-core\5.3.25\spring-core-5.3.25.jar;C:\Users\Emil\.m2\repository\org\springframework\spring-jcl\5.3.25\spring-jcl-5.3.25.jar;C:\Users\Emil\.m2\repository\org\springframework\spring-test\5.3.25\spring-test-5.3.25.jar;C:\Users\Emil\.m2\repository\org\xmlunit\xmlunit-core\2.9.1\xmlunit-core-2.9.1.jar;C:\Users\Emil\.m2\repository\org\springframework\spring-tx\5.3.25\spring-tx-5.3.25.jar;C:\Users\Emil\.m2\repository\org\springframework\spring-beans\5.3.25\spring-beans-5.3.25.jar;C:\Users\Emil\.m2\repository\org\springframework\ws\spring-ws-core\3.1.5\spring-ws-core-3.1.5.jar;C:\Users\Emil\.m2\repository\org\springframework\ws\spring-xml\3.1.5\spring-xml-3.1.5.jar;C:\Users\Emil\.m2\repository\org\springframework\spring-aop\5.3.25\spring-aop-5.3.25.jar;C:\Users\Emil\.m2\repository\org\springframework\spring-web\5.3.25\spring-web-5.3.25.jar;C:\Users\Emil\.m2\repository\org\springframework\spring-webmvc\5.3.25\spring-webmvc-5.3.25.jar;C:\Users\Emil\.m2\repository\org\springframework\spring-expression\5.3.25\spring-expression-5.3.25.jar;C:\Users\Emil\.m2\repository\com\sun\xml\bind\jaxb-core\2.2.7\jaxb-core-2.2.7.jar;C:\Users\Emil\.m2\repository\com\sun\istack\istack-commons-runtime\2.16\istack-commons-runtime-2.16.jar;C:\Users\Emil\.m2\repository\com\sun\xml\bind\jaxb-impl\2.2.7\jaxb-impl-2.2.7.jar;C:\Users\Emil\.m2\repository\com\sun\xml\fastinfoset\FastInfoset\1.2.12\FastInfoset-1.2.12.jar;C:\Users\Emil\.m2\repository\javax\xml\bind\jsr173_api\1.0\jsr173_api-1.0.jar;C:\Users\Emil\.m2\repository\org\javassist\javassist\3.25.0-GA\javassist-3.25.0-GA.jar;C:\Users\Emil\.m2\repository\javax\xml\bind\jaxb-api\2.2.7\jaxb-api-2.2.7.jar;C:\Users\Emil\.m2\repository\org\springframework\boot\spring-boot-starter-web\2.7.8\spring-boot-starter-web-2.7.8.jar;C:\Users\Emil\.m2\repository\org\springframework\boot\spring-boot-starter-json\2.7.8\spring-boot-starter-json-2.7.8.jar;C:\Users\Emil\.m2\repository\com\fasterxml\jackson\datatype\jackson-datatype-jdk8\2.13.4\jackson-datatype-jdk8-2.13.4.jar;C:\Users\Emil\.m2\repository\com\fasterxml\jackson\datatype\jackson-datatype-jsr310\2.13.4\jackson-datatype-jsr310-2.13.4.jar;C:\Users\Emil\.m2\repository\com\fasterxml\jackson\module\jackson-module-parameter-names\2.13.4\jackson-module-parameter-names-2.13.4.jar;C:\Users\Emil\.m2\repository\org\springframework\boot\spring-boot-starter-tomcat\2.7.8\spring-boot-starter-tomcat-2.7.8.jar;C:\Users\Emil\.m2\repository\org\apache\tomcat\embed\tomcat-embed-core\9.0.71\tomcat-embed-core-9.0.71.jar;C:\Users\Emil\.m2\repository\org\apache\tomcat\embed\tomcat-embed-el\9.0.71\tomcat-embed-el-9.0.71.jar;C:\Users\Emil\.m2\repository\org\apache\tomcat\embed\tomcat-embed-websocket\9.0.71\tomcat-embed-websocket-9.0.71.jar;C:\Users\Emil\.m2\repository\wsdl4j\wsdl4j\1.6.3\wsdl4j-1.6.3.jar;C:\Users\Emil\.m2\repository\org\springframework\boot\spring-boot-starter\2.7.8\spring-boot-starter-2.7.8.jar;C:\Users\Emil\.m2\repository\org\springframework\boot\spring-boot-starter-logging\2.7.8\spring-boot-starter-logging-2.7.8.jar;C:\Users\Emil\.m2\repository\ch\qos\logback\logback-classic\1.2.11\logback-classic-1.2.11.jar;C:\Users\Emil\.m2\repository\ch\qos\logback\logback-core\1.2.11\logback-core-1.2.11.jar;C:\Users\Emil\.m2\repository\org\apache\logging\log4j\log4j-to-slf4j\2.17.2\log4j-to-slf4j-2.17.2.jar;C:\Users\Emil\.m2\repository\org\slf4j\jul-to-slf4j\1.7.36\jul-to-slf4j-1.7.36.jar;C:\Users\Emil\.m2\repository\jakarta\annotation\jakarta.annotation-api\1.3.5\jakarta.annotation-api-1.3.5.jar;C:\Users\Emil\.m2\repository\org\yaml\snakeyaml\1.30\snakeyaml-1.30.jar;C:\Users\Emil\.m2\repository\jakarta\xml\bind\jakarta.xml.bind-api\4.0.0\jakarta.xml.bind-api-4.0.0.jar;C:\Users\Emil\.m2\repository\jakarta\activation\jakarta.activation-api\1.2.2\jakarta.activation-api-1.2.2.jar;C:\Users\Emil\.m2\repository\jakarta\validation\jakarta.validation-api\2.0.2\jakarta.validation-api-2.0.2.jar;C:\Users\Emil\.m2\repository\org\apache\xmlrpc\xmlrpc-client\3.1.3\xmlrpc-client-3.1.3.jar;C:\Users\Emil\.m2\repository\org\apache\xmlrpc\xmlrpc-common\3.1.3\xmlrpc-common-3.1.3.jar;C:\Users\Emil\.m2\repository\commons-io\commons-io\2.8.0\commons-io-2.8.0.jar;C:\Users\Emil\.m2\repository\com\evolvedbinary\j8fu\j8fu\1.23.0\j8fu-1.23.0.jar;C:\Users\Emil\.m2\repository\net\jcip\jcip-annotations\1.0\jcip-annotations-1.0.jar;C:\Users\Emil\.m2\repository\com\fasterxml\jackson\dataformat\jackson-dataformat-xml\2.13.4\jackson-dataformat-xml-2.13.4.jar;C:\Users\Emil\.m2\repository\com\fasterxml\jackson\core\jackson-core\2.13.4\jackson-core-2.13.4.jar;C:\Users\Emil\.m2\repository\com\fasterxml\jackson\core\jackson-annotations\2.13.4\jackson-annotations-2.13.4.jar;C:\Users\Emil\.m2\repository\com\fasterxml\jackson\core\jackson-databind\2.13.4.2\jackson-databind-2.13.4.2.jar;C:\Users\Emil\.m2\repository\org\codehaus\woodstox\stax2-api\4.2.1\stax2-api-4.2.1.jar;C:\Users\Emil\.m2\repository\com\fasterxml\woodstox\woodstox-core\6.3.1\woodstox-core-6.3.1.jar;C:\Users\Emil\.m2\repository\org\springframework\spring-oxm\5.3.20\spring-oxm-5.3.20.jar;C:\Users\Emil\.m2\repository\net\sf\xmldb-org\xmldb-api\1.6.0\xmldb-api-1.6.0.jar;C:\Users\Emil\.m2\repository\org\exist-db\exist-core\6.2.0\exist-core-6.2.0.jar;C:\Users\Emil\.m2\repository\antlr\antlr\2.7.7\antlr-2.7.7.jar;C:\Users\Emil\.m2\repository\com\evolvedbinary\multilock\multilock\1.0.1\multilock-1.0.1.jar;C:\Users\Emil\.m2\repository\com\github\ben-manes\caffeine\caffeine\2.9.3\caffeine-2.9.3.jar;C:\Users\Emil\.m2\repository\org\checkerframework\checker-qual\3.19.0\checker-qual-3.19.0.jar;C:\Users\Emil\.m2\repository\com\google\errorprone\error_prone_annotations\2.10.0\error_prone_annotations-2.10.0.jar;C:\Users\Emil\.m2\repository\com\github\krukow\clj-ds\0.0.4\clj-ds-0.0.4.jar;C:\Users\Emil\.m2\repository\com\siemens\ct\exi\exificient\0.9.3\exificient-0.9.3.jar;C:\Users\Emil\.m2\repository\com\ibm\icu\icu4j\59.1\icu4j-59.1.jar;C:\Users\Emil\.m2\repository\com\google\code\findbugs\jsr305\3.0.2\jsr305-3.0.2.jar;C:\Users\Emil\.m2\repository\org\relaxng\jing\20220510\jing-20220510.jar;C:\Users\Emil\.m2\repository\isorelax\isorelax\20030108\isorelax-20030108.jar;C:\Users\Emil\.m2\repository\org\exist-db\exist-start\6.2.0\exist-start-6.2.0.jar;C:\Users\Emil\.m2\repository\org\exquery\exquery-common\0.2.1\exquery-common-0.2.1.jar;C:\Users\Emil\.m2\repository\org\bouncycastle\bcprov-jdk15on\1.70\bcprov-jdk15on-1.70.jar;C:\Users\Emil\.m2\repository\org\lz4\lz4-java\1.8.0\lz4-java-1.8.0.jar;C:\Users\Emil\.m2\repository\com\fasterxml\uuid\java-uuid-generator\4.1.0\java-uuid-generator-4.1.0.jar;C:\Users\Emil\.m2\repository\javax\servlet\javax.servlet-api\4.0.1\javax.servlet-api-4.0.1.jar;C:\Users\Emil\.m2\repository\org\glassfish\jaxb\jaxb-runtime\2.3.7\jaxb-runtime-2.3.7.jar;C:\Users\Emil\.m2\repository\org\glassfish\jaxb\txw2\2.3.7\txw2-2.3.7.jar;C:\Users\Emil\.m2\repository\org\exist-db\thirdparty\javax\xml\xquery\xqjri\20080114-133351\xqjri-20080114-133351.jar;C:\Users\Emil\.m2\repository\org\jline\jline\3.22.0\jline-3.22.0.jar;C:\Users\Emil\.m2\repository\org\fusesource\jansi\jansi\2.4.0\jansi-2.4.0.jar;C:\Users\Emil\.m2\repository\cglib\cglib\3.3.0\cglib-3.3.0.jar;C:\Users\Emil\.m2\repository\org\ow2\asm\asm\7.1\asm-7.1.jar;C:\Users\Emil\.m2\repository\se\softhouse\jargo\0.4.14\jargo-0.4.14.jar;C:\Users\Emil\.m2\repository\commons-codec\commons-codec\1.15\commons-codec-1.15.jar;C:\Users\Emil\.m2\repository\org\apache\commons\commons-lang3\3.12.0\commons-lang3-3.12.0.jar;C:\Users\Emil\.m2\repository\commons-logging\commons-logging\1.2\commons-logging-1.2.jar;C:\Users\Emil\.m2\repository\org\apache\commons\commons-pool2\2.11.1\commons-pool2-2.11.1.jar;C:\Users\Emil\.m2\repository\org\apache\logging\log4j\log4j-api\2.17.2\log4j-api-2.17.2.jar;C:\Users\Emil\.m2\repository\org\apache\logging\log4j\log4j-core\2.17.2\log4j-core-2.17.2.jar;C:\Users\Emil\.m2\repository\org\apache\logging\log4j\log4j-jcl\2.17.2\log4j-jcl-2.17.2.jar;C:\Users\Emil\.m2\repository\org\apache\logging\log4j\log4j-jul\2.17.2\log4j-jul-2.17.2.jar;C:\Users\Emil\.m2\repository\org\apache\logging\log4j\log4j-slf4j2-impl\2.19.0\log4j-slf4j2-impl-2.19.0.jar;C:\Users\Emil\.m2\repository\org\exist-db\thirdparty\xerces\xercesImpl\2.12.2\xercesImpl-2.12.2-xml-schema-1.1.jar;C:\Users\Emil\.m2\repository\net\sourceforge\nekohtml\nekohtml\1.9.22\nekohtml-1.9.22.jar;C:\Users\Emil\.m2\repository\xml-apis\xml-apis\1.4.01\xml-apis-1.4.01.jar;C:\Users\Emil\.m2\repository\org\apache\ws\commons\util\ws-commons-util\1.0.2\ws-commons-util-1.0.2.jar;C:\Users\Emil\.m2\repository\xml-resolver\xml-resolver\1.2\xml-resolver-1.2.jar;C:\Users\Emil\.m2\repository\org\xmlresolver\xmlresolver\4.6.4\xmlresolver-4.6.4.jar;C:\Users\Emil\.m2\repository\org\apache\httpcomponents\client5\httpclient5\5.1.4\httpclient5-5.1.4.jar;C:\Users\Emil\.m2\repository\org\apache\httpcomponents\core5\httpcore5-h2\5.1.5\httpcore5-h2-5.1.5.jar;C:\Users\Emil\.m2\repository\org\apache\httpcomponents\core5\httpcore5\5.1.5\httpcore5-5.1.5.jar;C:\Users\Emil\.m2\repository\org\xmlresolver\xmlresolver\4.6.4\xmlresolver-4.6.4-data.jar;C:\Users\Emil\.m2\repository\org\exist-db\thirdparty\org\eclipse\wst\xml\xpath2\1.2.0\xpath2-1.2.0.jar;C:\Users\Emil\.m2\repository\edu\princeton\cup\java-cup\10k\java-cup-10k.jar;C:\Users\Emil\.m2\repository\xalan\xalan\2.7.2\xalan-2.7.2.jar;C:\Users\Emil\.m2\repository\xalan\serializer\2.7.2\serializer-2.7.2.jar;C:\Users\Emil\.m2\repository\net\sf\saxon\Saxon-HE\9.9.1-8\Saxon-HE-9.9.1-8.jar;C:\Users\Emil\.m2\repository\org\exist-db\exist-saxon-regex\9.4.0-9.e1\exist-saxon-regex-9.4.0-9.e1.jar;C:\Users\Emil\.m2\repository\com\evolvedbinary\thirdparty\org\apache\xmlrpc\xmlrpc-common\4.0.0\xmlrpc-common-4.0.0.jar;C:\Users\Emil\.m2\repository\com\evolvedbinary\thirdparty\org\apache\xmlrpc\xmlrpc-client\4.0.0\xmlrpc-client-4.0.0.jar;C:\Users\Emil\.m2\repository\com\evolvedbinary\thirdparty\org\apache\xmlrpc\xmlrpc-server\4.0.0\xmlrpc-server-4.0.0.jar;C:\Users\Emil\.m2\repository\org\aspectj\aspectjrt\1.9.7\aspectjrt-1.9.7.jar;C:\Users\Emil\.m2\repository\org\eclipse\jetty\jetty-jaas\9.4.50.v20221201\jetty-jaas-9.4.50.v20221201.jar;C:\Users\Emil\.m2\repository\org\apache\directory\api\api-ldap-model\2.1.2\api-ldap-model-2.1.2.jar;C:\Users\Emil\.m2\repository\org\apache\directory\api\api-asn1-ber\2.1.2\api-asn1-ber-2.1.2.jar;C:\Users\Emil\.m2\repository\org\apache\directory\api\api-i18n\2.1.2\api-i18n-2.1.2.jar;C:\Users\Emil\.m2\repository\org\apache\mina\mina-core\2.2.1\mina-core-2.2.1.jar;C:\Users\Emil\.m2\repository\org\apache\commons\commons-collections4\4.4\commons-collections4-4.4.jar;C:\Users\Emil\.m2\repository\org\apache\directory\api\api-util\2.1.2\api-util-2.1.2.jar;C:\Users\Emil\.m2\repository\org\apache\directory\api\api-asn1-api\2.1.2\api-asn1-api-2.1.2.jar;C:\Users\Emil\.m2\repository\org\eclipse\jetty\jetty-http\9.4.50.v20221201\jetty-http-9.4.50.v20221201.jar;C:\Users\Emil\.m2\repository\org\eclipse\jetty\jetty-io\9.4.50.v20221201\jetty-io-9.4.50.v20221201.jar;C:\Users\Emil\.m2\repository\org\eclipse\jetty\jetty-security\9.4.50.v20221201\jetty-security-9.4.50.v20221201.jar;C:\Users\Emil\.m2\repository\org\eclipse\jetty\jetty-server\9.4.50.v20221201\jetty-server-9.4.50.v20221201.jar;C:\Users\Emil\.m2\repository\org\eclipse\jetty\jetty-util\9.4.50.v20221201\jetty-util-9.4.50.v20221201.jar;C:\Users\Emil\.m2\repository\org\expath\packaging\pkg-java\2.0.0\pkg-java-2.0.0.jar;C:\Users\Emil\.m2\repository\com\fifesoft\rsyntaxtextarea\3.3.2\rsyntaxtextarea-3.3.2.jar;C:\Users\Emil\.m2\repository\org\quartz-scheduler\quartz\2.3.2\quartz-2.3.2.jar;C:\Users\Emil\.m2\repository\it\unimi\dsi\fastutil\8.5.11\fastutil-8.5.11.jar;C:\Users\Emil\.m2\repository\io\lacuna\bifurcan\0.2.0-alpha6\bifurcan-0.2.0-alpha6.jar;C:\Users\Emil\.m2\repository\org\apache\ant\ant\1.10.13\ant-1.10.13.jar;C:\Users\Emil\.m2\repository\org\apache\ant\ant-launcher\1.10.13\ant-launcher-1.10.13.jar;C:\Users\Emil\.m2\repository\junit\junit\4.13.2\junit-4.13.2.jar;C:\Users\Emil\.m2\repository\org\xmlunit\xmlunit-matchers\2.9.1\xmlunit-matchers-2.9.1.jar;C:\Users\Emil\.m2\repository\commons-fileupload\commons-fileupload\1.4\commons-fileupload-1.4.jar;C:\Users\Emil\.m2\repository\org\eclipse\jetty\jetty-annotations\9.4.50.v20221201\jetty-annotations-9.4.50.v20221201.jar;C:\Users\Emil\.m2\repository\org\eclipse\jetty\jetty-plus\9.4.50.v20221201\jetty-plus-9.4.50.v20221201.jar;C:\Users\Emil\.m2\repository\org\eclipse\jetty\jetty-jndi\9.4.50.v20221201\jetty-jndi-9.4.50.v20221201.jar;C:\Users\Emil\.m2\repository\javax\annotation\javax.annotation-api\1.3.2\javax.annotation-api-1.3.2.jar;C:\Users\Emil\.m2\repository\org\ow2\asm\asm-commons\9.4\asm-commons-9.4.jar;C:\Users\Emil\.m2\repository\org\ow2\asm\asm-tree\9.4\asm-tree-9.4.jar;C:\Users\Emil\.m2\repository\org\eclipse\jetty\jetty-servlet\9.4.50.v20221201\jetty-servlet-9.4.50.v20221201.jar;C:\Users\Emil\.m2\repository\org\eclipse\jetty\jetty-util-ajax\9.4.50.v20221201\jetty-util-ajax-9.4.50.v20221201.jar;C:\Users\Emil\.m2\repository\org\eclipse\jetty\jetty-webapp\9.4.50.v20221201\jetty-webapp-9.4.50.v20221201.jar;C:\Users\Emil\.m2\repository\org\eclipse\jetty\jetty-xml\9.4.50.v20221201\jetty-xml-9.4.50.v20221201.jar;"/>
    <property name="sun.cpu.endian" value="little"/>
    <property name="user.home" value="C:\Users\Emil"/>
    <property name="user.language" value="en"/>
    <property name="java.specification.vendor" value="Oracle Corporation"/>
    <property name="java.version.date" value="2020-09-15"/>
    <property name="java.home" value="C:\Program Files\Java\jdk-15"/>
    <property name="file.separator" value="\"/>
    <property name="basedir" value="D:\IACD\IACD - UVT\AN 2\XML\FINAL-PROJECT\SecondAPI"/>
    <property name="java.vm.compressedOopsMode" value="Zero based"/>
    <property name="line.separator" value="&#10;"/>
    <property name="java.vm.specification.vendor" value="Oracle Corporation"/>
    <property name="java.specification.name" value="Java Platform API Specification"/>
    <property name="surefire.real.class.path" value="C:\Users\Emil\AppData\Local\Temp\surefire3402936337544492550\surefirebooter927212392040290745.jar"/>
    <property name="user.script" value=""/>
    <property name="sun.management.compiler" value="HotSpot 64-Bit Tiered Compilers"/>
    <property name="java.runtime.version" value="15+36-1562"/>
    <property name="user.name" value="Emil"/>
    <property name="path.separator" value=";"/>
    <property name="os.version" value="10.0"/>
    <property name="java.runtime.name" value="Java(TM) SE Runtime Environment"/>
    <property name="file.encoding" value="Cp1252"/>
    <property name="java.vm.name" value="Java HotSpot(TM) 64-Bit Server VM"/>
    <property name="localRepository" value="C:\Users\Emil\.m2\repository"/>
    <property name="java.vendor.url.bug" value="https://bugreport.java.com/bugreport/"/>
    <property name="java.io.tmpdir" value="C:\Users\Emil\AppData\Local\Temp\"/>
    <property name="idea.version" value="2022.3.1"/>
    <property name="java.version" value="15"/>
    <property name="user.dir" value="D:\IACD\IACD - UVT\AN 2\XML\FINAL-PROJECT\SecondAPI"/>
    <property name="os.arch" value="amd64"/>
    <property name="java.vm.specification.name" value="Java Virtual Machine Specification"/>
    <property name="sun.os.patch.level" value=""/>
    <property name="java.library.path" value="C:\Program Files\Java\jdk-15\bin;C:\WINDOWS\Sun\Java\bin;C:\WINDOWS\system32;C:\WINDOWS;C:\Program Files\Java\jdk-21\bin;C:\Program Files\Java\jdk1.8.0_361\bin;C:\Program Files\Common Files\Oracle\Java\javapath;C:\Program Files (x86)\Common Files\Oracle\Java\javapath;C:\Program Files (x86)\Intel\Intel(R) Management Engine Components\iCLS\;C:\Program Files\Intel\Intel(R) Management Engine Components\iCLS\;C:\Windows\system32;C:\Windows;C:\Windows\System32\Wbem;C:\Windows\System32\WindowsPowerShell\v1.0\;C:\Windows\System32\OpenSSH\;C:\Program Files (x86)\NVIDIA Corporation\PhysX\Common;C:\Program Files (x86)\Intel\Intel(R) Management Engine Components\DAL;C:\Program Files\Intel\Intel(R) Management Engine Components\DAL;C:\Program Files (x86)\Intel\Intel(R) Management Engine Components\IPT;C:\Program Files\Intel\Intel(R) Management Engine Components\IPT;C:\Program Files\Intel\WiFi\bin\;C:\Program Files\Common Files\Intel\WirelessCommon\;C:\Program Files (x86)\Microsoft SQL Server\120\Tools\Binn\ManagementStudio\;C:\Program Files (x86)\Microsoft SQL Server\120\Tools\Binn\;C:\Program Files (x86)\Microsoft SQL Server\120\DTS\Binn\;C:\Program Files\Microsoft SQL Server\120\DTS\Binn\;C:\WINDOWS\system32;C:\WINDOWS;C:\WINDOWS\System32\Wbem;C:\WINDOWS\System32\WindowsPowerShell\v1.0\;C:\WINDOWS\System32\OpenSSH\;C:\Program Files\dotnet\;C:\Program Files\Microsoft SQL Server\;C:\Program Files\Git\cmd;C:\Program Files (x86)\Microsoft SQL Server\90\Tools\binn\;C:\Gradle\gradle-4.1\bin;C:\Users\Emil\AppData\Local\Android\Sdk\platform-tools;C:\Program Files (x86)\Microsoft SQL Server\150\DTS\Binn\;C:\Program Files (x86)\dotnet\;C:\WINDOWS\system32;C:\WINDOWS;C:\WINDOWS\System32\Wbem;C:\WINDOWS\System32\WindowsPowerShell\v1.0\;C:\WINDOWS\System32\OpenSSH\;C:\Program Files\NVIDIA Corporation\Nsight Compute 2021.1.1\;C:\Program Files\NVIDIA GPU Computing Toolkit\CUDA\v11.3\libnvvp;C:\Program Files\NVIDIA GPU Computing Toolkit\CUDA\v11.3\bin;C:\Users\Emil\AppData\Roaming\nvm;C:\Program Files\nodejs;C:\Program Files\NVIDIA Corporation\NVIDIA NvDLISR;C:\Users\Emil\AppData\Local\Programs\Python\Python39\Scripts\;C:\Users\Emil\AppData\Local\Programs\Python\Python39\;C:\Users\Emil\AppData\Local\Microsoft\WindowsApps;C:\Users\Emil\AppData\Roaming\npm;C:\Users\Emil\AppData\Local\GitHubDesktop\bin;C:\Users\Emil\AppData\Local\Programs\MiKTeX 2.9\miktex\bin\x64\;C:\Program Files\JetBrains\PyCharm Community Edition 2019.3.2\bin;C:\Users\Emil\AppData\Local\Programs\Microsoft VS Code\bin;C:\Users\Emil\.dotnet\tools;C:\xampp\php;C:\Program Files (x86)\clisp-2.49;C:\Program Files\apache-maven-3.6.3\bin;C:\Users\Emil\.dotnet\tools;C:\Users\Emil\AppData\Local\Microsoft\WindowsApps;C:\Users\Emil\AppData\Roaming\nvm;C:\Program Files\nodejs;C:\Program Files\JetBrains\IntelliJ IDEA Community Edition 2022.3.1\bin;;C:\Program Files\JetBrains\IntelliJ IDEA 2022.3.1\bin;;;;."/>
    <property name="java.vm.info" value="mixed mode, sharing"/>
    <property name="java.vendor" value="Oracle Corporation"/>
    <property name="java.vm.version" value="15+36-1562"/>
    <property name="sun.io.unicode.encoding" value="UnicodeLittle"/>
    <property name="java.class.version" value="59.0"/>
  </properties>
  <testcase name="contextLoads" classname="com.example.secondapi.SecondApiApplicationTests" time="0.523"/>
</testsuite>